<!DOCTYPE html PUBLIC "-//W3C//DTD XHTML 1.1//EN" "https://www.w3.org/TR/xhtml11/DTD/xhtml11.dtd">
<html xmlns="https://www.w3.org/1999/xhtml">
<head>
<meta http-equiv="content-type" content="text/html; charset=UTF-8"/>
<title>TestNG Report</title>
<style type="text/css">table {margin-bottom:10px;border-collapse:collapse;empty-cells:show}th,td {border:1px solid #009;padding:.25em .5em}th {vertical-align:bottom}td {vertical-align:top}table a {font-weight:bold}.stripe td {background-color: #E6EBF9}.num {text-align:right}.passedodd td {background-color: #3F3}.passedeven td {background-color: #0A0}.skippedodd td {background-color: #DDD}.skippedeven td {background-color: #CCC}.failedodd td,.attn {background-color: #F33}.failedeven td,.stripe .attn {background-color: #D00}.stacktrace {white-space:pre;font-family:monospace}.totop {font-size:85%;text-align:center;border-bottom:2px solid #000}.invisible {display:none}</style>
</head>
<body>
<table>
<tr><th>Test</th><th># Passed</th><th># Skipped</th><th># Retried</th><th># Failed</th><th>Time (ms)</th><th>Included Groups</th><th>Excluded Groups</th></tr>
<tr><th colspan="8">Suite Test Web eCommerce</th></tr>
<tr><td><a href="#t0">Authentication Tests</a></td><td class="num">1</td><td class="num attn">2</td><td class="num">0</td><td class="num">0</td><td class="num">52,738</td><td></td><td></td></tr>
</table>
<table id='summary'><thead><tr><th>Class</th><th>Method</th><th>Start</th><th>Time (ms)</th></tr></thead><tbody><tr><th colspan="4">Suite Test Web eCommerce</th></tr></tbody><tbody id="t0"><tr><th colspan="4">Authentication Tests &#8212; skipped (configuration methods)</th></tr><tr class="skippedeven"><td rowspan="1">com.juaracoding.test.authentication.SignInTest</td><td><a href="#m0">checkElementsExist</a></td><td rowspan="1">1747928148744</td><td rowspan="1">0</td></tr><tr><th colspan="4">Authentication Tests &#8212; skipped</th></tr><tr class="skippedeven"><td rowspan="1">com.juaracoding.test.authentication.SignInTest</td><td><a href="#m1">testStep01</a></td><td rowspan="1">1747928148745</td><td rowspan="1">0</td></tr><tr class="skippedodd"><td rowspan="1">com.juaracoding.test.authentication.SignInWithoutPasswordTest</td><td><a href="#m2">testStep01</a></td><td rowspan="1">1747928107311</td><td rowspan="1">8298</td></tr><tr><th colspan="4">Authentication Tests &#8212; passed</th></tr><tr class="passedeven"><td rowspan="1">com.juaracoding.test.authentication.SignInWithoutUsernameTest</td><td><a href="#m3">testStep01</a></td><td rowspan="1">1747928099052</td><td rowspan="1">8238</td></tr></tbody>
</table>
<h2>Authentication Tests</h2><h3 id="m0">com.juaracoding.test.authentication.SignInTest#checkElementsExist</h3><table class="result"><tr><th>Exception</th></tr><tr><td><div class="stacktrace">org.testng.SkipException: No element found: usernameField, passwordField, buttonLogin
	at com.juaracoding.test.authentication.SignInTest.checkElementsExist(SignInTest.java:60)
	at java.base/java.util.ArrayList.forEach(ArrayList.java:1511)
... Removed 35 stack frames</div></td></tr></table><p class="totop"><a href="#summary">back to summary</a></p>
<h3 id="m1">com.juaracoding.test.authentication.SignInTest#testStep01</h3><table class="result"><tr><th>Exception</th></tr><tr><td><div class="stacktrace">org.testng.SkipException: No element found: usernameField, passwordField, buttonLogin
	at com.juaracoding.test.authentication.SignInTest.checkElementsExist(SignInTest.java:60)
	at java.base/java.util.ArrayList.forEach(ArrayList.java:1511)
... Removed 35 stack frames</div></td></tr></table><p class="totop"><a href="#summary">back to summary</a></p>
<h3 id="m2">com.juaracoding.test.authentication.SignInWithoutPasswordTest#testStep01</h3><table class="result"><tr><th>Exception</th></tr><tr><td><div class="stacktrace">org.testng.SkipException: testStep01: stale element reference: stale element not found
  (Session info: chrome=136.0.7103.114)
For documentation on this error, please visit: https://www.selenium.dev/documentation/webdriver/troubleshooting/errors#stale-element-reference-exception
Build info: version: &apos;4.26.0&apos;, revision: &apos;8ccf0219d7&apos;
System info: os.name: &apos;Windows 11&apos;, os.arch: &apos;amd64&apos;, os.version: &apos;10.0&apos;, java.version: &apos;17.0.8&apos;
Driver info: org.openqa.selenium.chrome.ChromeDriver
Command: [2f6a37a08775b14abc64bec0ec0e770e, clearElement {id=f.05618EE8588E9C196EA7651AEF764E5C.d.D9C23C2EF96940391FDFE7A9F62FC803.e.8}]
Capabilities {acceptInsecureCerts: false, browserName: chrome, browserVersion: 136.0.7103.114, chrome: {chromedriverVersion: 136.0.7103.113 (76fa3c17824..., userDataDir: C:\Users\PNCL\AppData\Local...}, fedcm:accounts: true, goog:chromeOptions: {debuggerAddress: localhost:50236}, networkConnectionEnabled: false, pageLoadStrategy: normal, platformName: windows, proxy: Proxy(), se:cdp: ws://localhost:50236/devtoo..., se:cdpVersion: 136.0.7103.114, setWindowRect: true, strictFileInteractability: false, timeouts: {implicit: 0, pageLoad: 300000, script: 30000}, unhandledPromptBehavior: dismiss and notify, webauthn:extension:credBlob: true, webauthn:extension:largeBlob: true, webauthn:extension:minPinLength: true, webauthn:extension:prf: true, webauthn:virtualAuthenticators: true}
Element: [[ChromeDriver: chrome on windows (2f6a37a08775b14abc64bec0ec0e770e)] -&gt; id: user-name]
Session ID: 2f6a37a08775b14abc64bec0ec0e770e
	at com.juaracoding.test.authentication.SignInWithoutPasswordTest.testStep01(SignInWithoutPasswordTest.java:72)
	at java.base/java.util.ArrayList.forEach(ArrayList.java:1511)
... Removed 31 stack frames</div></td></tr></table><p class="totop"><a href="#summary">back to summary</a></p>
<h3 id="m3">com.juaracoding.test.authentication.SignInWithoutUsernameTest#testStep01</h3><table class="result"><tr><th class="invisible"/></tr></table><p class="totop"><a href="#summary">back to summary</a></p>
</body>
</html>
