<!DOCTYPE html>

<html>
  <head>
  <meta charset='utf-8'>
  <title>TestNG reports</title>

    <link type="text/css" href="testng-reports1.css" rel="stylesheet" id="ultra" />
    <link type="text/css" href="testng-reports.css" rel="stylesheet" id="retro" disabled="false"/>
    <script type="text/javascript" src="jquery-3.6.0.min.js"></script>
    <script type="text/javascript" src="testng-reports.js"></script>
    <script type="text/javascript" src="https://www.google.com/jsapi"></script>
    <script type='text/javascript'>
      google.load('visualization', '1', {packages:['table']});
      google.setOnLoadCallback(drawTable);
      var suiteTableInitFunctions = new Array();
      var suiteTableData = new Array();
    </script>
    <!--
      <script type="text/javascript" src="jquery-ui/js/jquery-ui-1.8.16.custom.min.js"></script>
     -->
  </head>

  <body>    <div class="top-banner-root">
      <span class="top-banner-title-font">Test results</span>
      <button id="button" class="button">Switch Retro Theme</button> <!-- button -->
      <br/>
      <span class="top-banner-font-1">1 suite</span>
    </div> <!-- top-banner-root -->
    <div class="navigator-root">
      <div class="navigator-suite-header">
        <span>All suites</span>
        <a href="#" title="Collapse/expand all the suites" class="collapse-all-link">
          <img src="collapseall.gif" class="collapse-all-icon">
          </img> <!-- collapse-all-icon -->
        </a> <!-- collapse-all-link -->
      </div> <!-- navigator-suite-header -->
      <div class="suite">
        <div class="rounded-window">
          <div class="suite-header light-rounded-window-top">
            <a href="#" panel-name="suite-Suite_Test_Web_eCommerce" class="navigator-link">
              <span class="suite-name border-skipped">Suite Test Web eCommerce</span>
            </a> <!-- navigator-link -->
          </div> <!-- suite-header light-rounded-window-top -->
          <div class="navigator-suite-content">
            <div class="suite-section-title">
              <span>Info</span>
            </div> <!-- suite-section-title -->
            <div class="suite-section-content">
              <ul>
                <li>
                  <a href="#" panel-name="test-xml-Suite_Test_Web_eCommerce" class="navigator-link ">
                    <span>D:\SQA juaracoding\selenium-java-fundamental-batch22\src\test\resources\testng.xml</span>
                  </a> <!-- navigator-link  -->
                </li>
                <li>
                  <a href="#" panel-name="testlist-Suite_Test_Web_eCommerce" class="navigator-link ">
                    <span class="test-stats">1 test</span>
                  </a> <!-- navigator-link  -->
                </li>
                <li>
                  <a href="#" panel-name="group-Suite_Test_Web_eCommerce" class="navigator-link ">
                    <span>0 groups</span>
                  </a> <!-- navigator-link  -->
                </li>
                <li>
                  <a href="#" panel-name="times-Suite_Test_Web_eCommerce" class="navigator-link ">
                    <span>Times</span>
                  </a> <!-- navigator-link  -->
                </li>
                <li>
                  <a href="#" panel-name="reporter-Suite_Test_Web_eCommerce" class="navigator-link ">
                    <span>Reporter output</span>
                  </a> <!-- navigator-link  -->
                </li>
                <li>
                  <a href="#" panel-name="ignored-methods-Suite_Test_Web_eCommerce" class="navigator-link ">
                    <span>Ignored methods</span>
                  </a> <!-- navigator-link  -->
                </li>
                <li>
                  <a href="#" panel-name="chronological-Suite_Test_Web_eCommerce" class="navigator-link ">
                    <span>Chronological view</span>
                  </a> <!-- navigator-link  -->
                </li>
              </ul>
            </div> <!-- suite-section-content -->
            <div class="result-section">
              <div class="suite-section-title">
                <span>Results</span>
              </div> <!-- suite-section-title -->
              <div class="suite-section-content">
                <ul>
                  <li>
                    <span class="method-stats">3 methods,  2 skipped,  1 passed</span>
                  </li>
                  <li>
                    <span class="method-list-title skipped">Skipped methods</span>
                    <span class="show-or-hide-methods skipped">
                      <a href="#" panel-name="suite-Suite_Test_Web_eCommerce" class="hide-methods skipped suite-Suite_Test_Web_eCommerce"> (hide)</a> <!-- hide-methods skipped suite-Suite_Test_Web_eCommerce -->
                      <a href="#" panel-name="suite-Suite_Test_Web_eCommerce" class="show-methods skipped suite-Suite_Test_Web_eCommerce"> (show)</a> <!-- show-methods skipped suite-Suite_Test_Web_eCommerce -->
                    </span>
                    <div class="method-list-content skipped suite-Suite_Test_Web_eCommerce">
                      <span>
                        <img src="skipped.png" width="3%"/>
                        <a href="#" panel-name="suite-Suite_Test_Web_eCommerce" title="com.juaracoding.test.authentication.SignInTest" class="method navigator-link" hash-for-method="testStep01">testStep01</a> <!-- method navigator-link -->
                      </span>
                      <br/>
                      <span>
                        <img src="skipped.png" width="3%"/>
                        <a href="#" panel-name="suite-Suite_Test_Web_eCommerce" title="com.juaracoding.test.authentication.SignInWithoutPasswordTest" class="method navigator-link" hash-for-method="testStep01">testStep01</a> <!-- method navigator-link -->
                      </span>
                      <br/>
                    </div> <!-- method-list-content skipped suite-Suite_Test_Web_eCommerce -->
                  </li>
                  <li>
                    <span class="method-list-title passed">Passed methods</span>
                    <span class="show-or-hide-methods passed">
                      <a href="#" panel-name="suite-Suite_Test_Web_eCommerce" class="hide-methods passed suite-Suite_Test_Web_eCommerce"> (hide)</a> <!-- hide-methods passed suite-Suite_Test_Web_eCommerce -->
                      <a href="#" panel-name="suite-Suite_Test_Web_eCommerce" class="show-methods passed suite-Suite_Test_Web_eCommerce"> (show)</a> <!-- show-methods passed suite-Suite_Test_Web_eCommerce -->
                    </span>
                    <div class="method-list-content passed suite-Suite_Test_Web_eCommerce">
                      <span>
                        <img src="passed.png" width="3%"/>
                        <a href="#" panel-name="suite-Suite_Test_Web_eCommerce" title="com.juaracoding.test.authentication.SignInWithoutUsernameTest" class="method navigator-link" hash-for-method="testStep01">testStep01</a> <!-- method navigator-link -->
                      </span>
                      <br/>
                    </div> <!-- method-list-content passed suite-Suite_Test_Web_eCommerce -->
                  </li>
                </ul>
              </div> <!-- suite-section-content -->
            </div> <!-- result-section -->
          </div> <!-- navigator-suite-content -->
        </div> <!-- rounded-window -->
      </div> <!-- suite -->
    </div> <!-- navigator-root -->
    <div class="wrapper">
      <div class="main-panel-root">
        <div panel-name="suite-Suite_Test_Web_eCommerce" class="panel Suite_Test_Web_eCommerce">
          <div class="suite-Suite_Test_Web_eCommerce-class-skipped">
            <div class="main-panel-header rounded-window-top">
              <img src="skipped.png"/>
              <span class="class-name">com.juaracoding.test.authentication.SignInWithoutPasswordTest</span>
            </div> <!-- main-panel-header rounded-window-top -->
            <div class="main-panel-content rounded-window-bottom">
              <div class="method">
                <div class="method-content">
                  <a name="testStep01">
                  </a> <!-- testStep01 -->
                  <span class="method-name">testStep01</span>
                  <div class="stack-trace">org.testng.SkipException: testStep01: stale element reference: stale element not found
  (Session info: chrome=136.0.7103.114)
For documentation on this error, please visit: https://www.selenium.dev/documentation/webdriver/troubleshooting/errors#stale-element-reference-exception
Build info: version: &apos;4.26.0&apos;, revision: &apos;8ccf0219d7&apos;
System info: os.name: &apos;Windows 11&apos;, os.arch: &apos;amd64&apos;, os.version: &apos;10.0&apos;, java.version: &apos;17.0.8&apos;
Driver info: org.openqa.selenium.chrome.ChromeDriver
Command: [2f6a37a08775b14abc64bec0ec0e770e, clearElement {id=f.05618EE8588E9C196EA7651AEF764E5C.d.D9C23C2EF96940391FDFE7A9F62FC803.e.8}]
Capabilities {acceptInsecureCerts: false, browserName: chrome, browserVersion: 136.0.7103.114, chrome: {chromedriverVersion: 136.0.7103.113 (76fa3c17824..., userDataDir: C:\Users\PNCL\AppData\Local...}, fedcm:accounts: true, goog:chromeOptions: {debuggerAddress: localhost:50236}, networkConnectionEnabled: false, pageLoadStrategy: normal, platformName: windows, proxy: Proxy(), se:cdp: ws://localhost:50236/devtoo..., se:cdpVersion: 136.0.7103.114, setWindowRect: true, strictFileInteractability: false, timeouts: {implicit: 0, pageLoad: 300000, script: 30000}, unhandledPromptBehavior: dismiss and notify, webauthn:extension:credBlob: true, webauthn:extension:largeBlob: true, webauthn:extension:minPinLength: true, webauthn:extension:prf: true, webauthn:virtualAuthenticators: true}
Element: [[ChromeDriver: chrome on windows (2f6a37a08775b14abc64bec0ec0e770e)] -&gt; id: user-name]
Session ID: 2f6a37a08775b14abc64bec0ec0e770e
	at com.juaracoding.test.authentication.SignInWithoutPasswordTest.testStep01(SignInWithoutPasswordTest.java:72)
	at java.base/java.util.ArrayList.forEach(ArrayList.java:1511)
... Removed 31 stack frames
</div> <!-- stack-trace -->
                </div> <!-- method-content -->
              </div> <!-- method -->
            </div> <!-- main-panel-content rounded-window-bottom -->
          </div> <!-- suite-Suite_Test_Web_eCommerce-class-skipped -->
          <div class="suite-Suite_Test_Web_eCommerce-class-skipped">
            <div class="main-panel-header rounded-window-top">
              <img src="skipped.png"/>
              <span class="class-name">com.juaracoding.test.authentication.SignInTest</span>
            </div> <!-- main-panel-header rounded-window-top -->
            <div class="main-panel-content rounded-window-bottom">
              <div class="method">
                <div class="method-content">
                  <a name="testStep01">
                  </a> <!-- testStep01 -->
                  <span class="method-name">testStep01</span>
                  <div class="stack-trace">org.testng.SkipException: No element found: usernameField, passwordField, buttonLogin
	at com.juaracoding.test.authentication.SignInTest.checkElementsExist(SignInTest.java:60)
	at java.base/java.util.ArrayList.forEach(ArrayList.java:1511)
... Removed 35 stack frames
</div> <!-- stack-trace -->
                </div> <!-- method-content -->
              </div> <!-- method -->
            </div> <!-- main-panel-content rounded-window-bottom -->
          </div> <!-- suite-Suite_Test_Web_eCommerce-class-skipped -->
          <div class="suite-Suite_Test_Web_eCommerce-class-passed">
            <div class="main-panel-header rounded-window-top">
              <img src="passed.png"/>
              <span class="class-name">com.juaracoding.test.authentication.SignInWithoutUsernameTest</span>
            </div> <!-- main-panel-header rounded-window-top -->
            <div class="main-panel-content rounded-window-bottom">
              <div class="method">
                <div class="method-content">
                  <a name="testStep01">
                  </a> <!-- testStep01 -->
                  <span class="method-name">testStep01</span>
                </div> <!-- method-content -->
              </div> <!-- method -->
            </div> <!-- main-panel-content rounded-window-bottom -->
          </div> <!-- suite-Suite_Test_Web_eCommerce-class-passed -->
        </div> <!-- panel Suite_Test_Web_eCommerce -->
        <div panel-name="test-xml-Suite_Test_Web_eCommerce" class="panel">
          <div class="main-panel-header rounded-window-top">
            <span class="header-content">D:\SQA juaracoding\selenium-java-fundamental-batch22\src\test\resources\testng.xml</span>
          </div> <!-- main-panel-header rounded-window-top -->
          <div class="main-panel-content rounded-window-bottom">
            <pre>
&lt;?xml version=&quot;1.0&quot; encoding=&quot;UTF-8&quot;?&gt;
&lt;!DOCTYPE suite SYSTEM &quot;https://testng.org/testng-1.0.dtd&quot;&gt;
&lt;suite name=&quot;Suite Test Web eCommerce&quot; guice-stage=&quot;DEVELOPMENT&quot; verbose=&quot;0&quot;&gt;
  &lt;parameter name=&quot;password&quot; value=&quot;secret_sauce&quot;/&gt;
  &lt;parameter name=&quot;url&quot; value=&quot;https://www.saucedemo.com/v1/index.html&quot;/&gt;
  &lt;parameter name=&quot;username&quot; value=&quot;standard_user&quot;/&gt;
  &lt;test thread-count=&quot;5&quot; name=&quot;Authentication Tests&quot; verbose=&quot;0&quot;&gt;
    &lt;parameter name=&quot;expectedSignIn&quot; value=&quot;https://www.saucedemo.com/v1/inventory.html&quot;/&gt;
    &lt;classes&gt;
      &lt;class name=&quot;com.juaracoding.test.Hook&quot;/&gt;
      &lt;class name=&quot;com.juaracoding.test.authentication.SignInWithoutUsernameTest&quot;/&gt;
      &lt;class name=&quot;com.juaracoding.test.authentication.SignInWithoutPasswordTest&quot;/&gt;
      &lt;class name=&quot;com.juaracoding.test.authentication.SignInTest&quot;/&gt;
    &lt;/classes&gt;
  &lt;/test&gt; &lt;!-- Authentication Tests --&gt;
&lt;/suite&gt; &lt;!-- Suite Test Web eCommerce --&gt;
            </pre>
          </div> <!-- main-panel-content rounded-window-bottom -->
        </div> <!-- panel -->
        <div panel-name="testlist-Suite_Test_Web_eCommerce" class="panel">
          <div class="main-panel-header rounded-window-top">
            <span class="header-content">Tests for Suite Test Web eCommerce</span>
          </div> <!-- main-panel-header rounded-window-top -->
          <div class="main-panel-content rounded-window-bottom">
            <ul>
              <li>
                <span class="test-name">Authentication Tests (4 classes)</span>
              </li>
            </ul>
          </div> <!-- main-panel-content rounded-window-bottom -->
        </div> <!-- panel -->
        <div panel-name="group-Suite_Test_Web_eCommerce" class="panel">
          <div class="main-panel-header rounded-window-top">
            <span class="header-content">Groups for Suite Test Web eCommerce</span>
          </div> <!-- main-panel-header rounded-window-top -->
          <div class="main-panel-content rounded-window-bottom">
          </div> <!-- main-panel-content rounded-window-bottom -->
        </div> <!-- panel -->
        <div panel-name="times-Suite_Test_Web_eCommerce" class="panel">
          <div class="main-panel-header rounded-window-top">
            <span class="header-content">Times for Suite Test Web eCommerce</span>
          </div> <!-- main-panel-header rounded-window-top -->
          <div class="main-panel-content rounded-window-bottom">
            <div class="times-div">
              <script type="text/javascript">
suiteTableInitFunctions.push('tableData_Suite_Test_Web_eCommerce');
function tableData_Suite_Test_Web_eCommerce() {
var data = new google.visualization.DataTable();
data.addColumn('number', 'Number');
data.addColumn('string', 'Method');
data.addColumn('string', 'Class');
data.addColumn('number', 'Time (ms)');
data.addRows(3);
data.setCell(0, 0, 0)
data.setCell(0, 1, 'testStep01')
data.setCell(0, 2, 'com.juaracoding.test.authentication.SignInWithoutPasswordTest')
data.setCell(0, 3, 8298);
data.setCell(1, 0, 1)
data.setCell(1, 1, 'testStep01')
data.setCell(1, 2, 'com.juaracoding.test.authentication.SignInWithoutUsernameTest')
data.setCell(1, 3, 8238);
data.setCell(2, 0, 2)
data.setCell(2, 1, 'testStep01')
data.setCell(2, 2, 'com.juaracoding.test.authentication.SignInTest')
data.setCell(2, 3, 0);
window.suiteTableData['Suite_Test_Web_eCommerce']= { tableData: data, tableDiv: 'times-div-Suite_Test_Web_eCommerce'}
return data;
}
              </script>
              <span class="suite-total-time">Total running time: 16 seconds</span>
              <div id="times-div-Suite_Test_Web_eCommerce">
              </div> <!-- times-div-Suite_Test_Web_eCommerce -->
            </div> <!-- times-div -->
          </div> <!-- main-panel-content rounded-window-bottom -->
        </div> <!-- panel -->
        <div panel-name="reporter-Suite_Test_Web_eCommerce" class="panel">
          <div class="main-panel-header rounded-window-top">
            <span class="header-content">Reporter output for Suite Test Web eCommerce</span>
          </div> <!-- main-panel-header rounded-window-top -->
          <div class="main-panel-content rounded-window-bottom">
          </div> <!-- main-panel-content rounded-window-bottom -->
        </div> <!-- panel -->
        <div panel-name="ignored-methods-Suite_Test_Web_eCommerce" class="panel">
          <div class="main-panel-header rounded-window-top">
            <span class="header-content">0 ignored methods</span>
          </div> <!-- main-panel-header rounded-window-top -->
          <div class="main-panel-content rounded-window-bottom">
          </div> <!-- main-panel-content rounded-window-bottom -->
        </div> <!-- panel -->
        <div panel-name="chronological-Suite_Test_Web_eCommerce" class="panel">
          <div class="main-panel-header rounded-window-top">
            <span class="header-content">Methods in chronological order</span>
          </div> <!-- main-panel-header rounded-window-top -->
          <div class="main-panel-content rounded-window-bottom">
            <div class="chronological-class">
              <div class="chronological-class-name">com.juaracoding.test.Hook</div> <!-- chronological-class-name -->
              <div class="configuration-suite before">
                <span class="method-name">initialize(https://www.saucedemo.com/v1/index.html)</span>
                <span class="method-start">0 ms</span>
              </div> <!-- configuration-suite before -->
            </div> <!-- chronological-class -->
            <div class="chronological-class">
              <div class="chronological-class-name">com.juaracoding.test.authentication.SignInWithoutUsernameTest</div> <!-- chronological-class-name -->
              <div class="configuration-class before">
                <span class="method-name">setup</span>
                <span class="method-start">2568 ms</span>
              </div> <!-- configuration-class before -->
              <div class="test-method">
                <span class="method-name">testStep01</span>
                <span class="method-start">5599 ms</span>
              </div> <!-- test-method -->
              <div class="configuration-method before">
                <span class="method-name">checkElementsExist</span>
                <span class="method-start">5599 ms</span>
              </div> <!-- configuration-method before -->
            </div> <!-- chronological-class -->
            <div class="chronological-class">
              <div class="chronological-class-name">com.juaracoding.test.authentication.SignInWithoutPasswordTest</div> <!-- chronological-class-name -->
              <div class="configuration-class before">
                <span class="method-name">setup</span>
                <span class="method-start">13840 ms</span>
              </div> <!-- configuration-class before -->
              <div class="configuration-method before">
                <span class="method-name">checkElementsExist</span>
                <span class="method-start">13858 ms</span>
              </div> <!-- configuration-method before -->
              <div class="test-method">
                <span class="method-name">testStep01</span>
                <span class="method-start">13858 ms</span>
              </div> <!-- test-method -->
            </div> <!-- chronological-class -->
            <div class="chronological-class">
              <div class="chronological-class-name">com.juaracoding.test.authentication.SignInTest</div> <!-- chronological-class-name -->
              <div class="configuration-class before">
                <span class="method-name">setup</span>
                <span class="method-start">22157 ms</span>
              </div> <!-- configuration-class before -->
              <div class="configuration-method before">
                <span class="method-name">checkElementsExist</span>
                <span class="method-start">55291 ms</span>
              </div> <!-- configuration-method before -->
            </div> <!-- chronological-class -->
            <div class="chronological-class">
              <div class="chronological-class-name">com.juaracoding.test.Hook</div> <!-- chronological-class-name -->
              <div class="configuration-suite after">
                <span class="method-name">finalTearDown</span>
                <span class="method-start">55314 ms</span>
              </div> <!-- configuration-suite after -->
          </div> <!-- main-panel-content rounded-window-bottom -->
        </div> <!-- panel -->
      </div> <!-- main-panel-root -->
    </div> <!-- wrapper -->
  </body>
<script type="text/javascript" src="testng-reports2.js"></script>
</html>
